2025-03-03 21:11:54,483 - [INFO] - ImageX-Bot#0233 ist online!
2025-03-03 21:12:16,976 - [INFO] - ImageX-Bot#0233 ist online!
2025-03-03 21:14:28,144 - [INFO] - ===== Bot-Logger gestartet am 03.03.2025 21:14:28 =====
2025-03-03 21:14:30,793 - [INFO] - 🟢 ImageX-Bot#0233 ist online!
2025-03-03 21:14:30,793 - [INFO] - 🔄 Befehle werden synchronisiert...
2025-03-03 21:14:31,055 - [INFO] - ✅ Befehle erfolgreich synchronisiert
2025-03-03 21:14:31,055 - [INFO] - 👀 Bot-Status wurde aktualisiert: 'ImageX 🔥 | /convert'
2025-03-03 21:14:37,313 - [INFO] - ===== Bot-Logger gestartet am 03.03.2025 21:14:37 =====
2025-03-03 21:14:40,018 - [INFO] - ImageX-Bot#0233 ist online!
2025-03-03 21:16:07,972 - [INFO] - 🔄 Bot wird neu gestartet!
2025-03-03 21:16:08,737 - [INFO] - ===== Bot-Logger gestartet am 03.03.2025 21:16:08 =====
2025-03-03 21:16:11,535 - [INFO] - ImageX-Bot#0233 ist online!
2025-03-03 21:16:52,820 - [INFO] - ===== Bot-Logger gestartet am 03.03.2025 21:16:52 =====
2025-03-03 21:18:55,292 - [INFO] - ===== Bot-Logger gestartet am 03.03.2025 21:18:55 =====
2025-03-03 21:18:58,012 - [INFO] - ImageX-Bot#0233 ist online!
2025-03-03 21:19:48,255 - [INFO] - 🔄 Bot wird neu gestartet!
2025-03-03 21:19:48,984 - [INFO] - ===== Bot-Logger gestartet am 03.03.2025 21:19:48 =====
2025-03-03 21:19:51,633 - [INFO] - ImageX-Bot#0233 ist online!
2025-03-03 21:20:11,063 - [INFO] - Bilder von syco14 erhalten: 1 Dateien
2025-03-03 21:20:33,378 - [INFO] - ===== Bot-Logger gestartet am 03.03.2025 21:20:33 =====
2025-03-03 21:20:36,288 - [INFO] - ImageX-Bot#0233 ist online!
2025-03-03 21:21:25,676 - [INFO] - Bilder von syco14 erhalten: 1 Dateien
2025-03-03 21:21:27,013 - [ERROR] - ❌ Fehler bei der Konvertierung: [Errno 2] No such file or directory: '/usr/bin/convert'
2025-03-03 21:24:07,465 - [INFO] - ===== Bot-Logger gestartet am 03.03.2025 21:24:07 =====
2025-03-03 21:24:10,107 - [INFO] - ImageX-Bot#0233 ist online!
2025-03-03 21:24:28,130 - [INFO] - Bilder von syco14 erhalten: 1 Dateien
2025-03-03 21:24:29,247 - [ERROR] - ❌ Fehler bei der Konvertierung: [Errno 2] No such file or directory: '/usr/bin/convert'
2025-03-03 21:24:44,672 - [INFO] - ===== Bot-Logger gestartet am 03.03.2025 21:24:44 =====
2025-03-03 21:24:47,466 - [INFO] - ImageX-Bot#0233 ist online!
2025-03-03 21:25:01,974 - [INFO] - Bilder von syco14 erhalten: 1 Dateien
2025-03-03 21:25:03,266 - [ERROR] - ❌ Fehler bei der Konvertierung: [Errno 2] No such file or directory: '/usr/bin/convert'
2025-03-03 21:27:32,976 - [INFO] - bot - <module>:83 - ===== ImageX-Bot gestartet am 03.03.2025 21:27:32 =====
2025-03-03 21:27:32,976 - [DEBUG] - bot - <module>:84 - Log-Level: 10
2025-03-03 21:27:32,976 - [DEBUG] - bot - <module>:85 - Pfad: /home/runner/workspace
2025-03-03 21:27:32,976 - [DEBUG] - bot - <module>:86 - Python Version: 3.12.7 (main, Oct  1 2024, 02:05:46) [GCC 13.3.0]
2025-03-03 21:27:35,694 - [INFO] - bot - on_ready:28 - 🚀 ImageX-Bot#0233 ist online! Bot-ID: 1346093300360417341
2025-03-03 21:27:35,695 - [DEBUG] - bot - on_ready:29 - In 1 Servern aktiv
2025-03-03 21:27:35,695 - [DEBUG] - bot - on_ready:33 - Server: Tretowieren Studios (ID: 1334577356375068672) - 1 Mitglieder
2025-03-03 21:27:35,960 - [INFO] - bot - on_ready:36 - ✅ Slash-Commands synchronisiert
2025-03-03 21:27:35,960 - [INFO] - bot - on_ready:39 - ✅ Status gesetzt: 'ImageX 🔥 | /convert'
2025-03-03 21:27:35,960 - [INFO] - bot - on_ready:41 - ====================================
2025-03-03 21:27:35,961 - [INFO] - bot - on_ready:42 - 🤖 Bot ist vollständig gestartet und bereit!
2025-03-03 21:27:35,961 - [INFO] - bot - on_ready:43 - ====================================
2025-03-03 21:29:35,588 - [INFO] - bot - <module>:83 - ===== ImageX-Bot gestartet am 03.03.2025 21:29:35 =====
2025-03-03 21:29:35,600 - [DEBUG] - bot - <module>:84 - Log-Level: 10
2025-03-03 21:29:35,634 - [DEBUG] - bot - <module>:85 - Pfad: /home/runner/workspace
2025-03-03 21:29:35,646 - [DEBUG] - bot - <module>:86 - Python Version: 3.12.7 (main, Oct  1 2024, 02:05:46) [GCC 13.3.0]
2025-03-03 21:29:38,554 - [INFO] - bot - on_ready:28 - 🚀 ImageX-Bot#0233 ist online! Bot-ID: 1346093300360417341
2025-03-03 21:29:38,554 - [DEBUG] - bot - on_ready:29 - In 1 Servern aktiv
2025-03-03 21:29:38,554 - [DEBUG] - bot - on_ready:33 - Server: Tretowieren Studios (ID: 1334577356375068672) - 1 Mitglieder
2025-03-03 21:29:38,804 - [INFO] - bot - on_ready:36 - ✅ Slash-Commands synchronisiert
2025-03-03 21:29:38,805 - [INFO] - bot - on_ready:39 - ✅ Status gesetzt: 'ImageX 🔥 | /convert'
2025-03-03 21:29:38,805 - [INFO] - bot - on_ready:41 - ====================================
2025-03-03 21:29:38,805 - [INFO] - bot - on_ready:42 - 🤖 Bot ist vollständig gestartet und bereit!
2025-03-03 21:29:38,805 - [INFO] - bot - on_ready:43 - ====================================
